[0.007s] Invoking command in '/home/luis-a/mirobot_ws/build/move_program': CMAKE_PREFIX_PATH=${CMAKE_PREFIX_PATH}:/home/luis-a/ros2_ws/install/my_robot_controller:/opt/ros/humble /usr/bin/cmake --build /home/luis-a/mirobot_ws/build/move_program -- -j32 -l32
[0.046s] [ 50%] [32mBuilding CXX object CMakeFiles/move_program.dir/src/move_program.cpp.o[0m
[2.596s] [01m[K/home/luis-a/mirobot_ws/src/move_program/src/move_program.cpp:[m[K In function â€˜[01m[Kint main(int, char**)[m[Kâ€™:
[2.596s] [01m[K/home/luis-a/mirobot_ws/src/move_program/src/move_program.cpp:42:3:[m[K [01;31m[Kerror: [m[Kâ€˜[01m[Kmove_group[m[Kâ€™ was not declared in this scope
[2.596s]    42 |   [01;31m[Kmove_group[m[K->setPlanningTime(10.0);  // Increase planning time
[2.596s]       |   [01;31m[K^~~~~~~~~~[m[K
[4.000s] gmake[2]: *** [CMakeFiles/move_program.dir/build.make:76: CMakeFiles/move_program.dir/src/move_program.cpp.o] Error 1
[4.000s] gmake[1]: *** [CMakeFiles/Makefile2:137: CMakeFiles/move_program.dir/all] Error 2
[4.000s] gmake: *** [Makefile:146: all] Error 2
[4.002s] Invoked command in '/home/luis-a/mirobot_ws/build/move_program' returned '2': CMAKE_PREFIX_PATH=${CMAKE_PREFIX_PATH}:/home/luis-a/ros2_ws/install/my_robot_controller:/opt/ros/humble /usr/bin/cmake --build /home/luis-a/mirobot_ws/build/move_program -- -j32 -l32
