[0.008s] Invoking command in '/home/luis-a/mirobot_ws/build/move_program': CMAKE_PREFIX_PATH=${CMAKE_PREFIX_PATH}:/home/luis-a/ros2_ws/install/my_robot_controller:/opt/ros/humble /usr/bin/cmake --build /home/luis-a/mirobot_ws/build/move_program -- -j32 -l32
[0.036s] [35m[1mConsolidate compiler generated dependencies of target move_program[0m
[0.050s] [ 50%] [32mBuilding CXX object CMakeFiles/move_program.dir/src/move_program.cpp.o[0m
[3.506s] [01m[K/home/luis-a/mirobot_ws/src/move_program/src/move_program.cpp:[m[K In function â€˜[01m[Kint main(int, char**)[m[Kâ€™:
[3.506s] [01m[K/home/luis-a/mirobot_ws/src/move_program/src/move_program.cpp:6:3:[m[K [01;31m[Kerror: [m[Kâ€˜[01m[Kros[m[Kâ€™ has not been declared
[3.506s]     6 |   [01;31m[Kros[m[K::init(argc, argv, "move_to_random_goal");
[3.506s]       |   [01;31m[K^~~[m[K
[3.506s] [01m[K/home/luis-a/mirobot_ws/src/move_program/src/move_program.cpp:7:3:[m[K [01;31m[Kerror: [m[Kâ€˜[01m[Kros[m[Kâ€™ has not been declared
[3.506s]     7 |   [01;31m[Kros[m[K::NodeHandle node_handle;
[3.506s]       |   [01;31m[K^~~[m[K
[3.506s] [01m[K/home/luis-a/mirobot_ws/src/move_program/src/move_program.cpp:8:3:[m[K [01;31m[Kerror: [m[Kâ€˜[01m[Kros[m[Kâ€™ has not been declared
[3.506s]     8 |   [01;31m[Kros[m[K::AsyncSpinner spinner(1);
[3.506s]       |   [01;31m[K^~~[m[K
[3.510s] [01m[K/home/luis-a/mirobot_ws/src/move_program/src/move_program.cpp:9:3:[m[K [01;31m[Kerror: [m[Kâ€˜[01m[Kspinner[m[Kâ€™ was not declared in this scope
[3.510s]     9 |   [01;31m[Kspinner[m[K.start();
[3.510s]       |   [01;31m[K^~~~~~~[m[K
[3.510s] [01m[K/home/luis-a/mirobot_ws/src/move_program/src/move_program.cpp:12:66:[m[K [01;31m[Kerror: [m[Kno matching function for call to â€˜[01m[Kmoveit::planning_interface::MoveGroupInterface::MoveGroupInterface(const char [4])[m[Kâ€™
[3.511s]    12 | :planning_interface::MoveGroupInterface move_group("arm"[01;31m[K)[m[K;
[3.511s]       |                                                         [01;31m[K^[m[K
[3.511s] 
[3.511s] In file included from [01m[K/home/luis-a/mirobot_ws/src/move_program/src/move_program.cpp:1[m[K:
[3.511s] [01m[K/opt/ros/humble/include/moveit/move_group_interface/move_group_interface.h:159:3:[m[K [01;36m[Knote: [m[Kcandidate: â€˜[01m[Kmoveit::planning_interface::MoveGroupInterface::MoveGroupInterface(moveit::planning_interface::MoveGroupInterface&&)[m[Kâ€™
[3.511s]   159 |   [01;36m[KMoveGroupInterface[m[K(MoveGroupInterface&& other) noexcept;
[3.511s]       |   [01;36m[K^~~~~~~~~~~~~~~~~~[m[K
[3.511s] [01m[K/opt/ros/humble/include/moveit/move_group_interface/move_group_interface.h:159:43:[m[K [01;36m[Knote: [m[K  no known conversion for argument 1 from â€˜[01m[Kconst char [4][m[Kâ€™ to â€˜[01m[Kmoveit::planning_interface::MoveGroupInterface&&[m[Kâ€™
[3.511s]   159 |   MoveGroupInterface([01;36m[KMoveGroupInterface&& other[m[K) noexcept;
[3.511s]       |                      [01;36m[K~~~~~~~~~~~~~~~~~~~~~^~~~~[m[K
[3.511s] [01m[K/opt/ros/humble/include/moveit/move_group_interface/move_group_interface.h:145:3:[m[K [01;36m[Knote: [m[Kcandidate: â€˜[01m[Kmoveit::planning_interface::MoveGroupInterface::MoveGroupInterface(const SharedPtr&, const string&, const std::shared_ptr<tf2_ros::Buffer>&, const rclcpp::Duration&)[m[Kâ€™
[3.511s]   145 |   [01;36m[KMoveGroupInterface[m[K(const rclcpp::Node::SharedPtr& node, const std::string& group,
[3.511s]       |   [01;36m[K^~~~~~~~~~~~~~~~~~[m[K
[3.511s] [01m[K/opt/ros/humble/include/moveit/move_group_interface/move_group_interface.h:145:3:[m[K [01;36m[Knote: [m[K  candidate expects 4 arguments, 1 provided
[3.511s] [01m[K/opt/ros/humble/include/moveit/move_group_interface/move_group_interface.h:134:3:[m[K [01;36m[Knote: [m[Kcandidate: â€˜[01m[Kmoveit::planning_interface::MoveGroupInterface::MoveGroupInterface(const SharedPtr&, const moveit::planning_interface::MoveGroupInterface::Options&, const std::shared_ptr<tf2_ros::Buffer>&, const rclcpp::Duration&)[m[Kâ€™
[3.511s]   134 |   [01;36m[KMoveGroupInterface[m[K(const rclcpp::Node::SharedPtr& node, const Options& opt,
[3.511s]       |   [01;36m[K^~~~~~~~~~~~~~~~~~[m[K
[3.511s] [01m[K/opt/ros/humble/include/moveit/move_group_interface/move_group_interface.h:134:3:[m[K [01;36m[Knote: [m[K  candidate expects 4 arguments, 1 provided
[3.511s] [01m[K/home/luis-a/mirobot_ws/src/move_program/src/move_program.cpp:19:65:[m[K [01;31m[Kerror: [m[Kâ€˜[01m[Kclass moveit::planning_interface::MoveGroupInterface[m[Kâ€™ has no member named â€˜[01m[KgetJointModelGroup[m[Kâ€™; did you mean â€˜[01m[KgetJointModelGroupNames[m[Kâ€™?
[3.511s]    19 | current_state->setToRandomPositions(move_group.[01;31m[KgetJointModelGroup[m[K("arm"));
[3.511s]       |                                                [01;31m[K^~~~~~~~~~~~~~~~~~[m[K
[3.511s]       |                                                [32m[KgetJointModelGroupNames[m[K
[3.515s] [01m[K/home/luis-a/mirobot_ws/src/move_program/src/move_program.cpp:22:5:[m[K [01;31m[Kerror: [m[Kâ€˜[01m[KROS_INFO[m[Kâ€™ was not declared in this scope
[3.515s]    22 |     [01;31m[KROS_INFO[m[K("Random valid state generated!");
[3.515s]       |     [01;31m[K^~~~~~~~[m[K
[3.515s] [01m[K/home/luis-a/mirobot_ws/src/move_program/src/move_program.cpp:29:100:[m[K [01;35m[Kwarning: [m[Kâ€˜[01m[Kusing MoveItErrorCode = class moveit::core::MoveItErrorCode[m[Kâ€™ is deprecated: Use moveit::core::MoveItErrorCode [[01;35m[K]8;;https://gcc.gnu.org/onlinedocs/gcc/Warning-Options.html#index-Wdeprecated-declarations-Wdeprecated-declarations]8;;[m[K]
[3.515s]    29 |  == moveit::planning_interface::MoveItErrorCode::[01;35m[KSUCCESS[m[K);
[3.515s]       |                                                  [01;35m[K^~~~~~~[m[K
[3.515s] 
[3.515s] In file included from [01m[K/home/luis-a/mirobot_ws/src/move_program/src/move_program.cpp:1[m[K:
[3.515s] [01m[K/opt/ros/humble/include/moveit/move_group_interface/move_group_interface.h:71:7:[m[K [01;36m[Knote: [m[Kdeclared here
[3.515s]    71 | using [01;36m[KMoveItErrorCode[m[K [[deprecated("Use moveit::core::MoveItErrorCode")]] = moveit::core::MoveItErrorCode;
[3.515s]       |       [01;36m[K^~~~~~~~~~~~~~~[m[K
[3.519s] [01m[K/home/luis-a/mirobot_ws/src/move_program/src/move_program.cpp:35:7:[m[K [01;31m[Kerror: [m[Kâ€˜[01m[KROS_ERROR[m[Kâ€™ was not declared in this scope
[3.519s]    35 |       [01;31m[KROS_ERROR[m[K("Planning failed.");
[3.519s]       |       [01;31m[K^~~~~~~~~[m[K
[3.522s] [01m[K/home/luis-a/mirobot_ws/src/move_program/src/move_program.cpp:38:5:[m[K [01;31m[Kerror: [m[Kâ€˜[01m[KROS_ERROR[m[Kâ€™ was not declared in this scope
[3.522s]    38 |     [01;31m[KROS_ERROR[m[K("Failed to generate a random valid state.");
[3.522s]       |     [01;31m[K^~~~~~~~~[m[K
[3.522s] [01m[K/home/luis-a/mirobot_ws/src/move_program/src/move_program.cpp:41:3:[m[K [01;31m[Kerror: [m[Kâ€˜[01m[Kros[m[Kâ€™ has not been declared
[3.522s]    41 |   [01;31m[Kros[m[K::shutdown();
[3.522s]       |   [01;31m[K^~~[m[K
[5.315s] gmake[2]: *** [CMakeFiles/move_program.dir/build.make:76: CMakeFiles/move_program.dir/src/move_program.cpp.o] Error 1
[5.315s] gmake[1]: *** [CMakeFiles/Makefile2:137: CMakeFiles/move_program.dir/all] Error 2
[5.315s] gmake: *** [Makefile:146: all] Error 2
[5.317s] Invoked command in '/home/luis-a/mirobot_ws/build/move_program' returned '2': CMAKE_PREFIX_PATH=${CMAKE_PREFIX_PATH}:/home/luis-a/ros2_ws/install/my_robot_controller:/opt/ros/humble /usr/bin/cmake --build /home/luis-a/mirobot_ws/build/move_program -- -j32 -l32
