[0.006s] Invoking command in '/home/luis-a/mirobot_ws/build/mirobot_package': CMAKE_PREFIX_PATH=${CMAKE_PREFIX_PATH}:/home/luis-a/ros2_ws/install/my_robot_controller:/opt/ros/humble /usr/bin/cmake --build /home/luis-a/mirobot_ws/build/mirobot_package -- -j32 -l32
[0.031s] [35m[1mConsolidate compiler generated dependencies of target mirobot_node[0m
[0.044s] [ 50%] [32mBuilding CXX object CMakeFiles/mirobot_node.dir/src/mirobot_node.cpp.o[0m
[2.517s] [01m[K/home/luis-a/mirobot_ws/src/mirobot_package/src/mirobot_node.cpp:[m[K In function â€˜[01m[Kint main(int, char**)[m[Kâ€™:
[2.517s] [01m[K/home/luis-a/mirobot_ws/src/mirobot_package/src/mirobot_node.cpp:34:5:[m[K [01;31m[Kerror: [m[Kâ€˜[01m[Kplanning_scene_interface[m[Kâ€™ was not declared in this scope
[2.517s]    34 |     [01;31m[Kplanning_scene_interface[m[K.applyCollisionObject(sphere);
[2.517s]       |     [01;31m[K^~~~~~~~~~~~~~~~~~~~~~~~[m[K
[2.519s] [01m[K/home/luis-a/mirobot_ws/src/mirobot_package/src/mirobot_node.cpp:34:51:[m[K [01;31m[Kerror: [m[Kâ€˜[01m[Ksphere[m[Kâ€™ was not declared in this scope
[2.519s]    34 |     planning_scene_interface.applyCollisionObject([01;31m[Ksphere[m[K);
[2.519s]       |                                                   [01;31m[K^~~~~~[m[K
[4.745s] gmake[2]: *** [CMakeFiles/mirobot_node.dir/build.make:76: CMakeFiles/mirobot_node.dir/src/mirobot_node.cpp.o] Error 1
[4.745s] gmake[1]: *** [CMakeFiles/Makefile2:137: CMakeFiles/mirobot_node.dir/all] Error 2
[4.745s] gmake: *** [Makefile:146: all] Error 2
[4.747s] Invoked command in '/home/luis-a/mirobot_ws/build/mirobot_package' returned '2': CMAKE_PREFIX_PATH=${CMAKE_PREFIX_PATH}:/home/luis-a/ros2_ws/install/my_robot_controller:/opt/ros/humble /usr/bin/cmake --build /home/luis-a/mirobot_ws/build/mirobot_package -- -j32 -l32
