[0.008s] Invoking command in '/home/luis-a/mirobot_ws/build/move_program': CMAKE_PREFIX_PATH=${CMAKE_PREFIX_PATH}:/home/luis-a/ros2_ws/install/my_robot_controller:/opt/ros/humble /usr/bin/cmake --build /home/luis-a/mirobot_ws/build/move_program -- -j32 -l32
[0.035s] [35m[1mConsolidate compiler generated dependencies of target move_program[0m
[0.049s] [ 50%] [32mBuilding CXX object CMakeFiles/move_program.dir/src/move_program.cpp.o[0m
[2.661s] [01m[K/home/luis-a/mirobot_ws/src/move_program/src/move_program.cpp:[m[K In function â€˜[01m[Kint main(int, char**)[m[Kâ€™:
[2.661s] [01m[K/home/luis-a/mirobot_ws/src/move_program/src/move_program.cpp:26:71:[m[K [01;31m[Kerror: [m[Kâ€˜[01m[Knode[m[Kâ€™ was not declared in this scope
[2.661s]    26 |   moveit::planning_interface::MoveGroupInterface move_group_interface([01;31m[Knode[m[K, "arm"); // --> change "panda_arm" too "arm"
[2.661s]       |                                                                       [01;31m[K^~~~[m[K
[4.146s] gmake[2]: *** [CMakeFiles/move_program.dir/build.make:76: CMakeFiles/move_program.dir/src/move_program.cpp.o] Error 1
[4.146s] gmake[1]: *** [CMakeFiles/Makefile2:137: CMakeFiles/move_program.dir/all] Error 2
[4.147s] gmake: *** [Makefile:146: all] Error 2
[4.149s] Invoked command in '/home/luis-a/mirobot_ws/build/move_program' returned '2': CMAKE_PREFIX_PATH=${CMAKE_PREFIX_PATH}:/home/luis-a/ros2_ws/install/my_robot_controller:/opt/ros/humble /usr/bin/cmake --build /home/luis-a/mirobot_ws/build/move_program -- -j32 -l32
